<?xml version="1.0" encoding="UTF-8"?>
<!-- Generated by org.testng.reporters.JUnitXMLReporter -->
<testsuite hostname="FaisalKhatri" ignored="0" name="Command line test" tests="2" failures="0" timestamp="07 Jul 2018 16:36:28 GMT" time="0.25" errors="0">
  <testcase name="publisherOnboardingTest" time="0.0" classname="com.testtech.jsonfilereader.unittests.JsonFileDataProviderTest"/>
  <testcase name="publisherOnboardingTest" time="0.0" classname="com.testtech.jsonfilereader.unittests.JsonFileDataProviderTest"/>
</testsuite> <!-- Command line test -->
