<?xml version="1.0" encoding="UTF-8"?>
<testng-results skipped="0" failed="0" ignored="0" total="2" passed="2">
  <reporter-output>
  </reporter-output>
  <suite name="com.testtech.jsonfilereader.unittests.JsonFileDataProviderTest" duration-ms="250" started-at="2018-07-07T16:36:28Z" finished-at="2018-07-07T16:36:28Z">
    <groups>
    </groups>
    <test name="Command line test" duration-ms="250" started-at="2018-07-07T16:36:28Z" finished-at="2018-07-07T16:36:28Z">
      <class name="com.testtech.jsonfilereader.unittests.JsonFileDataProviderTest">
        <test-method status="PASS" signature="publisherOnboardingTest(com.testtech.jsonfilereader.testdatagetter.JsonFileDataGetterSetter)[pri:0, instance:com.testtech.jsonfilereader.unittests.JsonFileDataProviderTest@6cd8737]" name="publisherOnboardingTest" duration-ms="0" started-at="2018-07-07T16:36:28Z" data-provider="JsonData" finished-at="2018-07-07T16:36:28Z">
          <params>
            <param index="0">
              <value>
                <![CDATA[com.testtech.jsonfilereader.testdatagetter.JsonFileDataGetterSetter@64729b1e]]>
              </value>
            </param>
          </params>
          <reporter-output>
          </reporter-output>
        </test-method> <!-- publisherOnboardingTest -->
        <test-method status="PASS" signature="publisherOnboardingTest(com.testtech.jsonfilereader.testdatagetter.JsonFileDataGetterSetter)[pri:0, instance:com.testtech.jsonfilereader.unittests.JsonFileDataProviderTest@6cd8737]" name="publisherOnboardingTest" duration-ms="0" started-at="2018-07-07T16:36:28Z" data-provider="JsonData" finished-at="2018-07-07T16:36:28Z">
          <params>
            <param index="0">
              <value>
                <![CDATA[com.testtech.jsonfilereader.testdatagetter.JsonFileDataGetterSetter@4e7dc304]]>
              </value>
            </param>
          </params>
          <reporter-output>
          </reporter-output>
        </test-method> <!-- publisherOnboardingTest -->
      </class> <!-- com.testtech.jsonfilereader.unittests.JsonFileDataProviderTest -->
    </test> <!-- Command line test -->
  </suite> <!-- com.testtech.jsonfilereader.unittests.JsonFileDataProviderTest -->
</testng-results>
