<?xml version="1.0" encoding="UTF-8"?>
<testng-results skipped="0" failed="0" ignored="0" total="2" passed="2">
  <reporter-output>
  </reporter-output>
  <suite name="Default suite" duration-ms="301" started-at="2018-06-24T15:59:17Z" finished-at="2018-06-24T15:59:18Z">
    <groups>
    </groups>
    <test name="Default test" duration-ms="301" started-at="2018-06-24T15:59:17Z" finished-at="2018-06-24T15:59:18Z">
      <class name="com.testtech.jsonfilereader.unittests.JsonFileDataProviderTest">
        <test-method status="PASS" signature="publisherOnboardingTest(com.testtech.jsonfilereader.testdatagetter.JsonFileDataGetterSetter)[pri:0, instance:com.testtech.jsonfilereader.unittests.JsonFileDataProviderTest@224edc67]" name="publisherOnboardingTest" duration-ms="14" started-at="2018-06-24T15:59:18Z" data-provider="JsonData" finished-at="2018-06-24T15:59:18Z">
          <params>
            <param index="0">
              <value>
                <![CDATA[com.testtech.jsonfilereader.testdatagetter.JsonFileDataGetterSetter@569cfc36]]>
              </value>
            </param>
          </params>
          <reporter-output>
          </reporter-output>
        </test-method> <!-- publisherOnboardingTest -->
        <test-method status="PASS" signature="publisherOnboardingTest(com.testtech.jsonfilereader.testdatagetter.JsonFileDataGetterSetter)[pri:0, instance:com.testtech.jsonfilereader.unittests.JsonFileDataProviderTest@224edc67]" name="publisherOnboardingTest" duration-ms="3" started-at="2018-06-24T15:59:18Z" data-provider="JsonData" finished-at="2018-06-24T15:59:18Z">
          <params>
            <param index="0">
              <value>
                <![CDATA[com.testtech.jsonfilereader.testdatagetter.JsonFileDataGetterSetter@7e0e6aa2]]>
              </value>
            </param>
          </params>
          <reporter-output>
          </reporter-output>
        </test-method> <!-- publisherOnboardingTest -->
      </class> <!-- com.testtech.jsonfilereader.unittests.JsonFileDataProviderTest -->
    </test> <!-- Default test -->
  </suite> <!-- Default suite -->
</testng-results>
