<?xml version="1.0" encoding="UTF-8"?>
<testng-results skipped="0" failed="0" ignored="0" total="1" passed="1">
  <reporter-output>
  </reporter-output>
  <suite name="Default suite" duration-ms="306" started-at="2018-08-18T12:05:43Z" finished-at="2018-08-18T12:05:43Z">
    <groups>
    </groups>
    <test name="Default test" duration-ms="306" started-at="2018-08-18T12:05:43Z" finished-at="2018-08-18T12:05:43Z">
      <class name="com.testtech.jsonfilereader.unittests.ProductMasterTests">
        <test-method status="PASS" signature="addProduct(com.testtech.jsonfilereader.testdatagetter.TestDataProductMaster)[pri:0, instance:com.testtech.jsonfilereader.unittests.ProductMasterTests@224edc67]" name="addProduct" duration-ms="39" started-at="2018-08-18T12:05:43Z" data-provider="ProductAddData" finished-at="2018-08-18T12:05:43Z">
          <params>
            <param index="0">
              <value>
                <![CDATA[com.testtech.jsonfilereader.testdatagetter.TestDataProductMaster@553a3d88]]>
              </value>
            </param>
          </params>
          <reporter-output>
          </reporter-output>
        </test-method> <!-- addProduct -->
      </class> <!-- com.testtech.jsonfilereader.unittests.ProductMasterTests -->
    </test> <!-- Default test -->
  </suite> <!-- Default suite -->
</testng-results>
